#
# There is insufficient memory for the Java Runtime Environment to continue.
# Native memory allocation (malloc) failed to allocate 1048576 bytes for AllocateHeap
# Possible reasons:
#   The system is out of physical RAM or swap space
#   In 32 bit mode, the process size limit was hit
# Possible solutions:
#   Reduce memory load on the system
#   Increase physical memory or swap space
#   Check if swap backing store is full
#   Use 64 bit Java on a 64 bit OS
#   Decrease Java heap size (-Xmx/-Xms)
#   Decrease number of Java threads
#   Decrease Java thread stack sizes (-Xss)
#   Set larger code cache with -XX:ReservedCodeCacheSize=
# This output file may be truncated or incomplete.
#
#  Out of Memory Error (memory/allocation.inline.hpp:61), pid=24320, tid=25244
#
# JRE version:  (7.0_79-b15) (build )
# Java VM: Java HotSpot(TM) 64-Bit Server VM (24.79-b02 mixed mode windows-amd64 compressed oops)
# Failed to write core dump. Minidumps are not enabled by default on client versions of Windows
#

---------------  T H R E A D  ---------------

Current thread (0x00000000027e0800):  JavaThread "Unknown thread" [_thread_in_vm, id=25244, stack(0x0000000000fb0000,0x00000000010b0000)]

Stack: [0x0000000000fb0000,0x00000000010b0000]
[error occurred during error reporting (printing stack bounds), id 0xc0000005]


---------------  P R O C E S S  ---------------

Java Threads: ( => current thread )

Other Threads:

=>0x00000000027e0800 (exited) JavaThread "Unknown thread" [_thread_in_vm, id=25244, stack(0x0000000000fb0000,0x00000000010b0000)]

VM state:not at safepoint (normal execution)

VM Mutex/Monitor currently owned by a thread: None

Heap
 PSYoungGen      total 76800K, used 1321K [0x00000000eaa80000, 0x00000000f0000000, 0x0000000100000000)
  eden space 66048K, 2% used [0x00000000eaa80000,0x00000000eabca428,0x00000000eeb00000)
  from space 10752K, 0% used [0x00000000ef580000,0x00000000ef580000,0x00000000f0000000)
  to   space 10752K, 0% used [0x00000000eeb00000,0x00000000eeb00000,0x00000000ef580000)
 ParOldGen       total 174080K, used 0K [0x00000000c0000000, 0x00000000caa00000, 0x00000000eaa80000)
  object space 174080K, 0% used [0x00000000c0000000,0x00000000c0000000,0x00000000caa00000)
 PSPermGen       total 21504K, used 697K [0x00000000bae00000, 0x00000000bc300000, 0x00000000c0000000)
  object space 21504K, 3% used [0x00000000bae00000,0x00000000baeae588,0x00000000bc300000)

Card table byte_map: [0x00000000059a0000,0x0000000005bd0000] byte_map_base: 0x00000000053c9000

Polling page: 0x0000000000e20000

Code Cache  [0x00000000028e0000, 0x0000000002b50000, 0x00000000058e0000)
 total_blobs=38 nmethods=0 adapters=20 free_code_cache=48889Kb largest_free_block=50062528

Compilation events (0 events):
No events

GC Heap History (0 events):
No events

Deoptimization events (0 events):
No events

Internal exceptions (0 events):
No events

Events (10 events):
Event: 0.013 loading class 0x000000000282f840
Event: 0.013 loading class 0x000000000282f840 done
Event: 0.013 loading class 0x000000000282f890
Event: 0.013 loading class 0x000000000282f890 done
Event: 0.013 loading class 0x000000000282f8e0
Event: 0.013 loading class 0x000000000282f8e0 done
Event: 0.014 loading class 0x0000000002830660
Event: 0.014 loading class 0x0000000002830660 done
Event: 0.014 loading class 0x0000000002830280
Event: 0.014 loading class 0x0000000002830280 done


Dynamic libraries:
0x00007ff6049d0000 - 0x00007ff604a03000 	C:\Program Files\Java\jdk1.7.0_79\bin\java.exe
0x00007ff98b750000 - 0x00007ff98b8fc000 	C:\Windows\SYSTEM32\ntdll.dll
0x00007ff98b360000 - 0x00007ff98b49e000 	C:\Windows\system32\KERNEL32.DLL
0x00007ff988a70000 - 0x00007ff988b85000 	C:\Windows\system32\KERNELBASE.dll
0x00007ff987420000 - 0x00007ff9874ae000 	C:\Windows\system32\apphelp.dll
0x00007ff97bb50000 - 0x00007ff97bba3000 	C:\Windows\AppPatch\AppPatch64\AcGenral.DLL
0x00007ff98b640000 - 0x00007ff98b6ea000 	C:\Windows\system32\msvcrt.dll
0x00007ff988740000 - 0x00007ff98876e000 	C:\Windows\SYSTEM32\SspiCli.dll
0x00007ff98b170000 - 0x00007ff98b1c4000 	C:\Windows\system32\SHLWAPI.dll
0x00007ff98a9f0000 - 0x00007ff98ab67000 	C:\Windows\system32\USER32.dll
0x00007ff98b4a0000 - 0x00007ff98b634000 	C:\Windows\system32\ole32.dll
0x00007ff9892b0000 - 0x00007ff98a7c8000 	C:\Windows\system32\SHELL32.dll
0x00007ff987e30000 - 0x00007ff987e51000 	C:\Windows\SYSTEM32\USERENV.dll
0x00007ff98b0c0000 - 0x00007ff98b16a000 	C:\Windows\system32\ADVAPI32.dll
0x00007ff978370000 - 0x00007ff97838e000 	C:\Windows\SYSTEM32\MPR.dll
0x00007ff98a7d0000 - 0x00007ff98a911000 	C:\Windows\system32\RPCRT4.dll
0x00007ff989250000 - 0x00007ff9892a9000 	C:\Windows\SYSTEM32\sechost.dll
0x00007ff989020000 - 0x00007ff989231000 	C:\Windows\SYSTEM32\combase.dll
0x00007ff98af60000 - 0x00007ff98b0b1000 	C:\Windows\system32\GDI32.dll
0x00007ff9888a0000 - 0x00007ff9888b5000 	C:\Windows\SYSTEM32\profapi.dll
0x00007ff987100000 - 0x00007ff9871b2000 	C:\Windows\SYSTEM32\SHCORE.dll
0x00007ff98a9a0000 - 0x00007ff98a9d6000 	C:\Windows\system32\IMM32.DLL
0x00007ff988ea0000 - 0x00007ff988ff2000 	C:\Windows\system32\MSCTF.dll
0x00007ff986570000 - 0x00007ff9867ea000 	C:\Windows\WinSxS\amd64_microsoft.windows.common-controls_6595b64144ccf1df_6.0.9600.17810_none_6240b9c7ecbd0bda\COMCTL32.dll
0x0000000057790000 - 0x0000000057862000 	C:\Program Files\Java\jdk1.7.0_79\jre\bin\msvcr100.dll
0x0000000057b70000 - 0x0000000058345000 	C:\Program Files\Java\jdk1.7.0_79\jre\bin\server\jvm.dll
0x00007ff9863a0000 - 0x00007ff9863a9000 	C:\Windows\SYSTEM32\WSOCK32.dll
0x00007ff9850d0000 - 0x00007ff9850f2000 	C:\Windows\SYSTEM32\WINMM.dll
0x00007ff98a9e0000 - 0x00007ff98a9e7000 	C:\Windows\system32\PSAPI.DLL
0x00007ff98b6f0000 - 0x00007ff98b74a000 	C:\Windows\system32\WS2_32.dll
0x00007ff986100000 - 0x00007ff98612a000 	C:\Windows\SYSTEM32\WINMMBASE.dll
0x00007ff989240000 - 0x00007ff989249000 	C:\Windows\system32\NSI.dll
0x00007ff988970000 - 0x00007ff9889bf000 	C:\Windows\SYSTEM32\cfgmgr32.dll
0x00007ff987690000 - 0x00007ff9876b8000 	C:\Windows\SYSTEM32\DEVOBJ.dll
0x0000000059fd0000 - 0x0000000059fdf000 	C:\Program Files\Java\jdk1.7.0_79\jre\bin\verify.dll
0x0000000059fa0000 - 0x0000000059fc8000 	C:\Program Files\Java\jdk1.7.0_79\jre\bin\java.dll
0x0000000059f80000 - 0x0000000059f95000 	C:\Program Files\Java\jdk1.7.0_79\jre\bin\zip.dll

VM Arguments:
jvm_args: -Djava.awt.headless=true -Xmx1024M -Dfile.encoding=windows-1252 -Duser.country=US -Duser.language=en -Duser.variant 
java_command: com.android.dx.command.Main --dex --num-threads=4 --output Z:\Android\AndroidStudioProjects\WebGetAndDisplay\app\build\intermediates\pre-dexed\debug\internal_impl-23.1.1_f3f758990c32f3dcb3894145c4d10700f5016875.jar Z:\Android\AndroidStudioProjects\WebGetAndDisplay\app\build\intermediates\exploded-aar\com.android.support\support-v4\23.1.1\jars\libs\internal_impl-23.1.1.jar
Launcher Type: SUN_STANDARD

Environment Variables:
PATH=C:\ProgramData\Oracle\Java\javapath;C:\Windows\system32;C:\Windows;C:\Windows\System32\Wbem;C:\Windows\System32\WindowsPowerShell\v1.0\;C:\Program Files (x86)\NVIDIA Corporation\PhysX\Common;C:\Program Files (x86)\Skype\Phone\;G:\ORCAD\tools\pcb\bin;G:\ORCAD\tools\fet\bin;G:\ORCAD\OpenAccess\bin\win32\opt;G:\ORCAD\tools\bin;G:\ORCAD\tools\Capture;G:\ORCAD\tools\PSpice;
USERNAME=Ethan
OS=Windows_NT
PROCESSOR_IDENTIFIER=Intel64 Family 6 Model 60 Stepping 3, GenuineIntel



---------------  S Y S T E M  ---------------

OS: Windows 8.1 , 64 bit Build 9600 

CPU:total 8 (4 cores per cpu, 2 threads per core) family 6 model 60 stepping 3, cmov, cx8, fxsr, mmx, sse, sse2, sse3, ssse3, sse4.1, sse4.2, popcnt, avx, avx2, aes, erms, ht, tsc, tscinvbit

Memory: 4k page, physical 16724660k(3766184k free), swap 20206540k(900484k free)

vm_info: Java HotSpot(TM) 64-Bit Server VM (24.79-b02) for windows-amd64 JRE (1.7.0_79-b15), built on Apr 10 2015 12:36:16 by "java_re" with unknown MS VC++:1600

time: Thu Feb 18 22:11:00 2016
elapsed time: 2 seconds

